<?xml version="1.0" encoding="UTF-8" ?>
<testsuite failures="0" time="0.003" errors="1" skipped="0" tests="1" name="br.unifesp.maritaca.persistence.entitymanager.OAuthTokenEntityTest">
  <properties>
    <property name="java.runtime.name" value="Java(TM) SE Runtime Environment"/>
    <property name="sun.boot.library.path" value="/usr/lib/jvm/jdk1.6.0_29/jre/lib/i386"/>
    <property name="java.vm.version" value="20.4-b02"/>
    <property name="java.vm.vendor" value="Sun Microsystems Inc."/>
    <property name="java.vendor.url" value="http://java.sun.com/"/>
    <property name="path.separator" value=":"/>
    <property name="java.vm.name" value="Java HotSpot(TM) Server VM"/>
    <property name="file.encoding.pkg" value="sun.io"/>
    <property name="user.country" value="PE"/>
    <property name="sun.java.launcher" value="SUN_STANDARD"/>
    <property name="sun.os.patch.level" value="unknown"/>
    <property name="java.vm.specification.name" value="Java Virtual Machine Specification"/>
    <property name="user.dir" value="/home/jimmy/Azrael/maritaca/github/Maritaca/server/persistence"/>
    <property name="java.runtime.version" value="1.6.0_29-b11"/>
    <property name="java.awt.graphicsenv" value="sun.awt.X11GraphicsEnvironment"/>
    <property name="basedir" value="/home/jimmy/Azrael/maritaca/github/Maritaca/server/persistence"/>
    <property name="java.endorsed.dirs" value="/usr/lib/jvm/jdk1.6.0_29/jre/lib/endorsed"/>
    <property name="os.arch" value="i386"/>
    <property name="surefire.real.class.path" value="/tmp/surefirebooter528238239593040714.jar"/>
    <property name="java.io.tmpdir" value="/tmp"/>
    <property name="line.separator" value="
"/>
    <property name="java.vm.specification.vendor" value="Sun Microsystems Inc."/>
    <property name="os.name" value="Linux"/>
    <property name="log4j.configuration" value="file:tmp/log4j.properties"/>
    <property name="sun.jnu.encoding" value="UTF-8"/>
    <property name="java.library.path" value="/usr/lib/jvm/jdk1.6.0_29/jre/lib/i386/server:/usr/lib/jvm/jdk1.6.0_29/jre/lib/i386:/usr/lib/jvm/jdk1.6.0_29/jre/../lib/i386:/usr/java/packages/lib/i386:/lib:/usr/lib"/>
    <property name="surefire.test.class.path" value="/home/jimmy/Azrael/maritaca/github/Maritaca/server/persistence/target/test-classes:/home/jimmy/Azrael/maritaca/github/Maritaca/server/persistence/target/classes:/home/jimmy/.m2/repository/javax/javaee-api/6.0/javaee-api-6.0.jar:/home/jimmy/.m2/repository/org/hectorclient/hector-core/1.1-0/hector-core-1.1-0.jar:/home/jimmy/.m2/repository/commons-lang/commons-lang/2.4/commons-lang-2.4.jar:/home/jimmy/.m2/repository/commons-pool/commons-pool/1.5.3/commons-pool-1.5.3.jar:/home/jimmy/.m2/repository/org/apache/cassandra/cassandra-all/1.0.10/cassandra-all-1.0.10.jar:/home/jimmy/.m2/repository/org/xerial/snappy/snappy-java/1.0.4.1/snappy-java-1.0.4.1.jar:/home/jimmy/.m2/repository/com/ning/compress-lzf/0.8.4/compress-lzf-0.8.4.jar:/home/jimmy/.m2/repository/com/google/guava/guava/r09/guava-r09.jar:/home/jimmy/.m2/repository/commons-cli/commons-cli/1.1/commons-cli-1.1.jar:/home/jimmy/.m2/repository/commons-codec/commons-codec/1.2/commons-codec-1.2.jar:/home/jimmy/.m2/repository/com/googlecode/concurrentlinkedhashmap/concurrentlinkedhashmap-lru/1.2/concurrentlinkedhashmap-lru-1.2.jar:/home/jimmy/.m2/repository/org/antlr/antlr/3.2/antlr-3.2.jar:/home/jimmy/.m2/repository/org/antlr/antlr-runtime/3.2/antlr-runtime-3.2.jar:/home/jimmy/.m2/repository/org/antlr/stringtemplate/3.2/stringtemplate-3.2.jar:/home/jimmy/.m2/repository/antlr/antlr/2.7.7/antlr-2.7.7.jar:/home/jimmy/.m2/repository/org/slf4j/slf4j-api/1.6.1/slf4j-api-1.6.1.jar:/home/jimmy/.m2/repository/org/apache/cassandra/deps/avro/1.4.0-cassandra-1/avro-1.4.0-cassandra-1.jar:/home/jimmy/.m2/repository/org/codehaus/jackson/jackson-mapper-asl/1.4.0/jackson-mapper-asl-1.4.0.jar:/home/jimmy/.m2/repository/org/codehaus/jackson/jackson-core-asl/1.4.0/jackson-core-asl-1.4.0.jar:/home/jimmy/.m2/repository/org/mortbay/jetty/jetty/6.1.22/jetty-6.1.22.jar:/home/jimmy/.m2/repository/org/mortbay/jetty/jetty-util/6.1.22/jetty-util-6.1.22.jar:/home/jimmy/.m2/repository/org/mortbay/jetty/servlet-api/2.5-20081211/servlet-api-2.5-20081211.jar:/home/jimmy/.m2/repository/jline/jline/0.9.94/jline-0.9.94.jar:/home/jimmy/.m2/repository/com/googlecode/json-simple/json-simple/1.1/json-simple-1.1.jar:/home/jimmy/.m2/repository/com/github/stephenc/high-scale-lib/high-scale-lib/1.1.2/high-scale-lib-1.1.2.jar:/home/jimmy/.m2/repository/org/yaml/snakeyaml/1.6/snakeyaml-1.6.jar:/home/jimmy/.m2/repository/log4j/log4j/1.2.16/log4j-1.2.16.jar:/home/jimmy/.m2/repository/org/slf4j/slf4j-log4j12/1.6.1/slf4j-log4j12-1.6.1.jar:/home/jimmy/.m2/repository/org/apache/thrift/libthrift/0.8.0/libthrift-0.8.0.jar:/home/jimmy/.m2/repository/javax/servlet/servlet-api/2.3/servlet-api-2.3.jar:/home/jimmy/.m2/repository/org/apache/httpcomponents/httpclient/4.1.2/httpclient-4.1.2.jar:/home/jimmy/.m2/repository/org/apache/httpcomponents/httpcore/4.1.3/httpcore-4.1.3.jar:/home/jimmy/.m2/repository/commons-logging/commons-logging/1.1/commons-logging-1.1.jar:/home/jimmy/.m2/repository/org/apache/cassandra/cassandra-thrift/1.1.0/cassandra-thrift-1.1.0.jar:/home/jimmy/.m2/repository/com/github/stephenc/eaio-uuid/uuid/3.2.0/uuid-3.2.0.jar:/home/jimmy/.m2/repository/com/ecyrd/speed4j/speed4j/0.9/speed4j-0.9.jar:/home/jimmy/.m2/repository/org/hectorclient/hector-object-mapper/3.1-05/hector-object-mapper-3.1-05.jar:/home/jimmy/.m2/repository/joda-time/joda-time/1.6.1/joda-time-1.6.1.jar:/home/jimmy/.m2/repository/org/springframework/spring-context/3.1.0.RELEASE/spring-context-3.1.0.RELEASE.jar:/home/jimmy/.m2/repository/org/springframework/spring-beans/3.1.0.RELEASE/spring-beans-3.1.0.RELEASE.jar:/home/jimmy/.m2/repository/org/springframework/spring-core/3.1.0.RELEASE/spring-core-3.1.0.RELEASE.jar:/home/jimmy/.m2/repository/org/springframework/spring-asm/3.1.0.RELEASE/spring-asm-3.1.0.RELEASE.jar:/home/jimmy/.m2/repository/org/springframework/spring-expression/3.1.0.RELEASE/spring-expression-3.1.0.RELEASE.jar:/home/jimmy/.m2/repository/org/apache/openjpa/openjpa-persistence/2.1.0/openjpa-persistence-2.1.0.jar:/home/jimmy/.m2/repository/org/apache/geronimo/specs/geronimo-jpa_2.0_spec/1.1/geronimo-jpa_2.0_spec-1.1.jar:/home/jimmy/.m2/repository/junit/junit/4.8.1/junit-4.8.1.jar:/home/jimmy/.m2/repository/com/github/stephenc/jamm/0.2.5/jamm-0.2.5.jar:/home/jimmy/.m2/repository/logkit/logkit/1.0.1/logkit-1.0.1.jar:/home/jimmy/.m2/repository/avalon-framework/avalon-framework/4.1.3/avalon-framework-4.1.3.jar:/home/jimmy/.m2/repository/me/prettyprint/hector-test/1.0-2/hector-test-1.0-2.jar:/home/jimmy/.m2/repository/org/springframework/spring-aop/3.1.0.RELEASE/spring-aop-3.1.0.RELEASE.jar:/home/jimmy/.m2/repository/aopalliance/aopalliance/1.0/aopalliance-1.0.jar:/home/jimmy/.m2/repository/org/springframework/spring-test/3.1.0.RELEASE/spring-test-3.1.0.RELEASE.jar:/home/jimmy/.m2/repository/org/mockito/mockito-all/1.9.0-rc1/mockito-all-1.9.0-rc1.jar:/home/jimmy/.m2/repository/com/google/code/gson/gson/2.1/gson-2.1.jar:"/>
    <property name="java.specification.name" value="Java Platform API Specification"/>
    <property name="java.class.version" value="50.0"/>
    <property name="sun.management.compiler" value="HotSpot Tiered Compilers"/>
    <property name="os.version" value="3.0.0-14-generic-pae"/>
    <property name="user.home" value="/home/jimmy"/>
    <property name="user.timezone" value="America/Sao_Paulo"/>
    <property name="java.awt.printerjob" value="sun.print.PSPrinterJob"/>
    <property name="java.specification.version" value="1.6"/>
    <property name="file.encoding" value="UTF-8"/>
    <property name="user.name" value="jimmy"/>
    <property name="java.class.path" value="/home/jimmy/Azrael/maritaca/github/Maritaca/server/persistence/target/test-classes:/home/jimmy/Azrael/maritaca/github/Maritaca/server/persistence/target/classes:/home/jimmy/.m2/repository/javax/javaee-api/6.0/javaee-api-6.0.jar:/home/jimmy/.m2/repository/org/hectorclient/hector-core/1.1-0/hector-core-1.1-0.jar:/home/jimmy/.m2/repository/commons-lang/commons-lang/2.4/commons-lang-2.4.jar:/home/jimmy/.m2/repository/commons-pool/commons-pool/1.5.3/commons-pool-1.5.3.jar:/home/jimmy/.m2/repository/org/apache/cassandra/cassandra-all/1.0.10/cassandra-all-1.0.10.jar:/home/jimmy/.m2/repository/org/xerial/snappy/snappy-java/1.0.4.1/snappy-java-1.0.4.1.jar:/home/jimmy/.m2/repository/com/ning/compress-lzf/0.8.4/compress-lzf-0.8.4.jar:/home/jimmy/.m2/repository/com/google/guava/guava/r09/guava-r09.jar:/home/jimmy/.m2/repository/commons-cli/commons-cli/1.1/commons-cli-1.1.jar:/home/jimmy/.m2/repository/commons-codec/commons-codec/1.2/commons-codec-1.2.jar:/home/jimmy/.m2/repository/com/googlecode/concurrentlinkedhashmap/concurrentlinkedhashmap-lru/1.2/concurrentlinkedhashmap-lru-1.2.jar:/home/jimmy/.m2/repository/org/antlr/antlr/3.2/antlr-3.2.jar:/home/jimmy/.m2/repository/org/antlr/antlr-runtime/3.2/antlr-runtime-3.2.jar:/home/jimmy/.m2/repository/org/antlr/stringtemplate/3.2/stringtemplate-3.2.jar:/home/jimmy/.m2/repository/antlr/antlr/2.7.7/antlr-2.7.7.jar:/home/jimmy/.m2/repository/org/slf4j/slf4j-api/1.6.1/slf4j-api-1.6.1.jar:/home/jimmy/.m2/repository/org/apache/cassandra/deps/avro/1.4.0-cassandra-1/avro-1.4.0-cassandra-1.jar:/home/jimmy/.m2/repository/org/codehaus/jackson/jackson-mapper-asl/1.4.0/jackson-mapper-asl-1.4.0.jar:/home/jimmy/.m2/repository/org/codehaus/jackson/jackson-core-asl/1.4.0/jackson-core-asl-1.4.0.jar:/home/jimmy/.m2/repository/org/mortbay/jetty/jetty/6.1.22/jetty-6.1.22.jar:/home/jimmy/.m2/repository/org/mortbay/jetty/jetty-util/6.1.22/jetty-util-6.1.22.jar:/home/jimmy/.m2/repository/org/mortbay/jetty/servlet-api/2.5-20081211/servlet-api-2.5-20081211.jar:/home/jimmy/.m2/repository/jline/jline/0.9.94/jline-0.9.94.jar:/home/jimmy/.m2/repository/com/googlecode/json-simple/json-simple/1.1/json-simple-1.1.jar:/home/jimmy/.m2/repository/com/github/stephenc/high-scale-lib/high-scale-lib/1.1.2/high-scale-lib-1.1.2.jar:/home/jimmy/.m2/repository/org/yaml/snakeyaml/1.6/snakeyaml-1.6.jar:/home/jimmy/.m2/repository/log4j/log4j/1.2.16/log4j-1.2.16.jar:/home/jimmy/.m2/repository/org/slf4j/slf4j-log4j12/1.6.1/slf4j-log4j12-1.6.1.jar:/home/jimmy/.m2/repository/org/apache/thrift/libthrift/0.8.0/libthrift-0.8.0.jar:/home/jimmy/.m2/repository/javax/servlet/servlet-api/2.3/servlet-api-2.3.jar:/home/jimmy/.m2/repository/org/apache/httpcomponents/httpclient/4.1.2/httpclient-4.1.2.jar:/home/jimmy/.m2/repository/org/apache/httpcomponents/httpcore/4.1.3/httpcore-4.1.3.jar:/home/jimmy/.m2/repository/commons-logging/commons-logging/1.1/commons-logging-1.1.jar:/home/jimmy/.m2/repository/org/apache/cassandra/cassandra-thrift/1.1.0/cassandra-thrift-1.1.0.jar:/home/jimmy/.m2/repository/com/github/stephenc/eaio-uuid/uuid/3.2.0/uuid-3.2.0.jar:/home/jimmy/.m2/repository/com/ecyrd/speed4j/speed4j/0.9/speed4j-0.9.jar:/home/jimmy/.m2/repository/org/hectorclient/hector-object-mapper/3.1-05/hector-object-mapper-3.1-05.jar:/home/jimmy/.m2/repository/joda-time/joda-time/1.6.1/joda-time-1.6.1.jar:/home/jimmy/.m2/repository/org/springframework/spring-context/3.1.0.RELEASE/spring-context-3.1.0.RELEASE.jar:/home/jimmy/.m2/repository/org/springframework/spring-beans/3.1.0.RELEASE/spring-beans-3.1.0.RELEASE.jar:/home/jimmy/.m2/repository/org/springframework/spring-core/3.1.0.RELEASE/spring-core-3.1.0.RELEASE.jar:/home/jimmy/.m2/repository/org/springframework/spring-asm/3.1.0.RELEASE/spring-asm-3.1.0.RELEASE.jar:/home/jimmy/.m2/repository/org/springframework/spring-expression/3.1.0.RELEASE/spring-expression-3.1.0.RELEASE.jar:/home/jimmy/.m2/repository/org/apache/openjpa/openjpa-persistence/2.1.0/openjpa-persistence-2.1.0.jar:/home/jimmy/.m2/repository/org/apache/geronimo/specs/geronimo-jpa_2.0_spec/1.1/geronimo-jpa_2.0_spec-1.1.jar:/home/jimmy/.m2/repository/junit/junit/4.8.1/junit-4.8.1.jar:/home/jimmy/.m2/repository/com/github/stephenc/jamm/0.2.5/jamm-0.2.5.jar:/home/jimmy/.m2/repository/logkit/logkit/1.0.1/logkit-1.0.1.jar:/home/jimmy/.m2/repository/avalon-framework/avalon-framework/4.1.3/avalon-framework-4.1.3.jar:/home/jimmy/.m2/repository/me/prettyprint/hector-test/1.0-2/hector-test-1.0-2.jar:/home/jimmy/.m2/repository/org/springframework/spring-aop/3.1.0.RELEASE/spring-aop-3.1.0.RELEASE.jar:/home/jimmy/.m2/repository/aopalliance/aopalliance/1.0/aopalliance-1.0.jar:/home/jimmy/.m2/repository/org/springframework/spring-test/3.1.0.RELEASE/spring-test-3.1.0.RELEASE.jar:/home/jimmy/.m2/repository/org/mockito/mockito-all/1.9.0-rc1/mockito-all-1.9.0-rc1.jar:/home/jimmy/.m2/repository/com/google/code/gson/gson/2.1/gson-2.1.jar:"/>
    <property name="java.vm.specification.version" value="1.0"/>
    <property name="sun.arch.data.model" value="32"/>
    <property name="java.home" value="/usr/lib/jvm/jdk1.6.0_29/jre"/>
    <property name="sun.java.command" value="/tmp/surefirebooter528238239593040714.jar /tmp/surefire8618382064324704049tmp /tmp/surefire3061211382825733623tmp"/>
    <property name="java.specification.vendor" value="Sun Microsystems Inc."/>
    <property name="user.language" value="es"/>
    <property name="java.vm.info" value="mixed mode"/>
    <property name="java.version" value="1.6.0_29"/>
    <property name="java.ext.dirs" value="/usr/lib/jvm/jdk1.6.0_29/jre/lib/ext:/usr/java/packages/lib/ext"/>
    <property name="sun.boot.class.path" value="/usr/lib/jvm/jdk1.6.0_29/jre/lib/resources.jar:/usr/lib/jvm/jdk1.6.0_29/jre/lib/rt.jar:/usr/lib/jvm/jdk1.6.0_29/jre/lib/sunrsasign.jar:/usr/lib/jvm/jdk1.6.0_29/jre/lib/jsse.jar:/usr/lib/jvm/jdk1.6.0_29/jre/lib/jce.jar:/usr/lib/jvm/jdk1.6.0_29/jre/lib/charsets.jar:/usr/lib/jvm/jdk1.6.0_29/jre/lib/modules/jdk.boot.jar:/usr/lib/jvm/jdk1.6.0_29/jre/classes"/>
    <property name="java.vendor" value="Sun Microsystems Inc."/>
    <property name="localRepository" value="/home/jimmy/.m2/repository"/>
    <property name="file.separator" value="/"/>
    <property name="java.security.egd" value="file:/dev/urandom"/>
    <property name="java.vendor.url.bug" value="http://java.sun.com/cgi-bin/bugreport.cgi"/>
    <property name="sun.cpu.endian" value="little"/>
    <property name="sun.io.unicode.encoding" value="UnicodeLittle"/>
    <property name="cassandra-foreground" value="true"/>
    <property name="sun.desktop" value="gnome"/>
    <property name="sun.cpu.isalist" value=""/>
    <property name="cassandra.config" value="file:tmp/cassandra.yaml"/>
  </properties>
  <testcase time="1.052" classname="br.unifesp.maritaca.persistence.entitymanager.OAuthTokenEntityTest" name="br.unifesp.maritaca.persistence.entitymanager.OAuthTokenEntityTest">
    <error message="org.apache.cassandra.config.ConfigurationException: Attempt to assign id to existing column family." type="java.io.IOError">java.io.IOError: org.apache.cassandra.config.ConfigurationException: Attempt to assign id to existing column family.
	at org.apache.cassandra.config.Schema.load(Schema.java:97)
	at me.prettyprint.hector.testutils.EmbeddedSchemaLoader.loadSchema(EmbeddedSchemaLoader.java:37)
	at me.prettyprint.hector.testutils.EmbeddedServerHelper.loadSchemaFromYaml(EmbeddedServerHelper.java:177)
	at me.prettyprint.hector.testutils.EmbeddedServerHelper.setup(EmbeddedServerHelper.java:64)
	at br.unifesp.maritaca.persistence.cassandra.BaseEmbededServerSetupTest.setup(BaseEmbededServerSetupTest.java:37)
	at sun.reflect.NativeMethodAccessorImpl.invoke0(Native Method)
	at sun.reflect.NativeMethodAccessorImpl.invoke(NativeMethodAccessorImpl.java:39)
	at sun.reflect.DelegatingMethodAccessorImpl.invoke(DelegatingMethodAccessorImpl.java:25)
	at java.lang.reflect.Method.invoke(Method.java:597)
	at org.junit.runners.model.FrameworkMethod$1.runReflectiveCall(FrameworkMethod.java:44)
	at org.junit.internal.runners.model.ReflectiveCallable.run(ReflectiveCallable.java:15)
	at org.junit.runners.model.FrameworkMethod.invokeExplosively(FrameworkMethod.java:41)
	at org.junit.internal.runners.statements.RunBefores.evaluate(RunBefores.java:27)
	at org.springframework.test.context.junit4.statements.RunBeforeTestClassCallbacks.evaluate(RunBeforeTestClassCallbacks.java:61)
	at org.junit.internal.runners.statements.RunAfters.evaluate(RunAfters.java:31)
	at org.springframework.test.context.junit4.statements.RunAfterTestClassCallbacks.evaluate(RunAfterTestClassCallbacks.java:71)
	at org.junit.runners.ParentRunner.run(ParentRunner.java:236)
	at org.springframework.test.context.junit4.SpringJUnit4ClassRunner.run(SpringJUnit4ClassRunner.java:174)
	at org.apache.maven.surefire.junit4.JUnit4TestSet.execute(JUnit4TestSet.java:62)
	at org.apache.maven.surefire.suite.AbstractDirectoryTestSuite.executeTestSet(AbstractDirectoryTestSuite.java:140)
	at org.apache.maven.surefire.suite.AbstractDirectoryTestSuite.execute(AbstractDirectoryTestSuite.java:127)
	at org.apache.maven.surefire.Surefire.run(Surefire.java:177)
	at sun.reflect.NativeMethodAccessorImpl.invoke0(Native Method)
	at sun.reflect.NativeMethodAccessorImpl.invoke(NativeMethodAccessorImpl.java:39)
	at sun.reflect.DelegatingMethodAccessorImpl.invoke(DelegatingMethodAccessorImpl.java:25)
	at java.lang.reflect.Method.invoke(Method.java:597)
	at org.apache.maven.surefire.booter.SurefireBooter.runSuitesInProcess(SurefireBooter.java:345)
	at org.apache.maven.surefire.booter.SurefireBooter.main(SurefireBooter.java:1009)
Caused by: org.apache.cassandra.config.ConfigurationException: Attempt to assign id to existing column family.
	at org.apache.cassandra.config.Schema.load(Schema.java:380)
	at org.apache.cassandra.config.Schema.load(Schema.java:93)
	... 27 more
</error>
    <system-out>INFO  [MigrationStage:1]: Applying migration 2d021d90-e49c-11e1-0000-fe8ebeead9da Add column family: org.apache.cassandra.config.CFMetaData@14fa79d[cfId=1043,ksName=Keyspace1,cfName=Form,cfType=Standard,comparator=org.apache.cassandra.db.marshal.UTF8Type,subcolumncomparator=&lt;null&gt;,comment=,rowCacheSize=0.0,keyCacheSize=200000.0,readRepairChance=1.0,replicateOnWrite=true,gcGraceSeconds=864000,defaultValidator=org.apache.cassandra.db.marshal.BytesType,keyValidator=org.apache.cassandra.db.marshal.UUIDType,minCompactionThreshold=4,maxCompactionThreshold=32,rowCacheSavePeriodInSeconds=0,keyCacheSavePeriodInSeconds=14400,rowCacheKeysToSave=0,rowCacheProvider=org.apache.cassandra.cache.ConcurrentLinkedHashCacheProvider@144752d,mergeShardsChance=0.0,keyAlias=&lt;null&gt;,column_metadata={java.nio.HeapByteBuffer[pos=0 lim=6 cap=6]=ColumnDefinition{name=706f6c696379, validator=org.apache.cassandra.db.marshal.UTF8Type, index_type=KEYS, index_name=&apos;Formpolicy&apos;}, java.nio.HeapByteBuffer[pos=0 lim=3 cap=3]=ColumnDefinition{name=75726c, validator=org.apache.cassandra.db.marshal.UTF8Type, index_type=KEYS, index_name=&apos;Formurl&apos;}, java.nio.HeapByteBuffer[pos=0 lim=4 cap=4]=ColumnDefinition{name=75736572, validator=org.apache.cassandra.db.marshal.UTF8Type, index_type=KEYS, index_name=&apos;Formuser&apos;}},compactionStrategyClass=class org.apache.cassandra.db.compaction.SizeTieredCompactionStrategy,compactionStrategyOptions={},compressionOptions={},bloomFilterFpChance=&lt;null&gt;]
INFO  [MigrationStage:1]: Enqueuing flush of Memtable-Migrations@8741959(16149/20186 serialized/live bytes, 1 ops)
INFO  [FlushWriter:1]: Writing Memtable-Migrations@8741959(16149/20186 serialized/live bytes, 1 ops)
INFO  [MigrationStage:1]: Enqueuing flush of Memtable-Schema@24804836(11764/14705 serialized/live bytes, 3 ops)
INFO  [FlushWriter:1]: Completed flushing /tmp/var/lib/cassandra/data/system/Migrations-hd-14-Data.db (16213 bytes)
INFO  [FlushWriter:1]: Writing Memtable-Schema@24804836(11764/14705 serialized/live bytes, 3 ops)
INFO  [FlushWriter:1]: Completed flushing /tmp/var/lib/cassandra/data/system/Schema-hd-14-Data.db (11914 bytes)
INFO  [MigrationStage:1]: Creating new index : ColumnDefinition{name=706f6c696379, validator=org.apache.cassandra.db.marshal.UTF8Type, index_type=KEYS, index_name=&apos;Formpolicy&apos;}
INFO  [MigrationStage:1]: Creating new index : ColumnDefinition{name=75726c, validator=org.apache.cassandra.db.marshal.UTF8Type, index_type=KEYS, index_name=&apos;Formurl&apos;}
INFO  [MigrationStage:1]: Creating new index : ColumnDefinition{name=75736572, validator=org.apache.cassandra.db.marshal.UTF8Type, index_type=KEYS, index_name=&apos;Formuser&apos;}
INFO  [MigrationStage:1]: Applying migration 2d442fa0-e49c-11e1-0000-fe8ebeead9da Drop column family: Keyspace1.Form
INFO  [MigrationStage:1]: Enqueuing flush of Memtable-Migrations@18670253(15113/18891 serialized/live bytes, 1 ops)
INFO  [FlushWriter:1]: Writing Memtable-Migrations@18670253(15113/18891 serialized/live bytes, 1 ops)
INFO  [MigrationStage:1]: Enqueuing flush of Memtable-Schema@23462603(11238/14047 serialized/live bytes, 3 ops)
INFO  [FlushWriter:1]: Completed flushing /tmp/var/lib/cassandra/data/system/Migrations-hd-15-Data.db (15177 bytes)
INFO  [FlushWriter:1]: Writing Memtable-Schema@23462603(11238/14047 serialized/live bytes, 3 ops)
INFO  [FlushWriter:1]: Completed flushing /tmp/var/lib/cassandra/data/system/Schema-hd-15-Data.db (11388 bytes)
INFO  [MigrationStage:1]: Enqueuing flush of Memtable-Form.Formpolicy@8796481(31/38 serialized/live bytes, 1 ops)
INFO  [MigrationStage:1]: Enqueuing flush of Memtable-Form.Formurl@1642236(31/38 serialized/live bytes, 1 ops)
INFO  [MigrationStage:1]: Enqueuing flush of Memtable-Form.Formuser@19332854(31/38 serialized/live bytes, 1 ops)
INFO  [MigrationStage:1]: Enqueuing flush of Memtable-Form@19725666(318/397 serialized/live bytes, 6 ops)
</system-out>
  </testcase>
</testsuite>