<?xml version="1.0" encoding="UTF-8" ?>
<testsuite failures="0" time="12.795" errors="0" skipped="0" tests="7" name="br.unifesp.maritaca.persistence.entitymanager.FormEntityTest">
  <properties>
    <property name="java.runtime.name" value="Java(TM) SE Runtime Environment"/>
    <property name="sun.boot.library.path" value="/usr/lib/jvm/jdk1.6.0_29/jre/lib/i386"/>
    <property name="java.vm.version" value="20.4-b02"/>
    <property name="java.vm.vendor" value="Sun Microsystems Inc."/>
    <property name="java.vendor.url" value="http://java.sun.com/"/>
    <property name="path.separator" value=":"/>
    <property name="java.vm.name" value="Java HotSpot(TM) Server VM"/>
    <property name="file.encoding.pkg" value="sun.io"/>
    <property name="user.country" value="PE"/>
    <property name="sun.java.launcher" value="SUN_STANDARD"/>
    <property name="sun.os.patch.level" value="unknown"/>
    <property name="java.vm.specification.name" value="Java Virtual Machine Specification"/>
    <property name="user.dir" value="/home/jimmy/Azrael/maritaca/github/Maritaca/server/persistence"/>
    <property name="java.runtime.version" value="1.6.0_29-b11"/>
    <property name="java.awt.graphicsenv" value="sun.awt.X11GraphicsEnvironment"/>
    <property name="basedir" value="/home/jimmy/Azrael/maritaca/github/Maritaca/server/persistence"/>
    <property name="java.endorsed.dirs" value="/usr/lib/jvm/jdk1.6.0_29/jre/lib/endorsed"/>
    <property name="os.arch" value="i386"/>
    <property name="surefire.real.class.path" value="/tmp/surefirebooter528238239593040714.jar"/>
    <property name="java.io.tmpdir" value="/tmp"/>
    <property name="line.separator" value="
"/>
    <property name="java.vm.specification.vendor" value="Sun Microsystems Inc."/>
    <property name="os.name" value="Linux"/>
    <property name="log4j.configuration" value="file:tmp/log4j.properties"/>
    <property name="sun.jnu.encoding" value="UTF-8"/>
    <property name="java.library.path" value="/usr/lib/jvm/jdk1.6.0_29/jre/lib/i386/server:/usr/lib/jvm/jdk1.6.0_29/jre/lib/i386:/usr/lib/jvm/jdk1.6.0_29/jre/../lib/i386:/usr/java/packages/lib/i386:/lib:/usr/lib"/>
    <property name="surefire.test.class.path" value="/home/jimmy/Azrael/maritaca/github/Maritaca/server/persistence/target/test-classes:/home/jimmy/Azrael/maritaca/github/Maritaca/server/persistence/target/classes:/home/jimmy/.m2/repository/javax/javaee-api/6.0/javaee-api-6.0.jar:/home/jimmy/.m2/repository/org/hectorclient/hector-core/1.1-0/hector-core-1.1-0.jar:/home/jimmy/.m2/repository/commons-lang/commons-lang/2.4/commons-lang-2.4.jar:/home/jimmy/.m2/repository/commons-pool/commons-pool/1.5.3/commons-pool-1.5.3.jar:/home/jimmy/.m2/repository/org/apache/cassandra/cassandra-all/1.0.10/cassandra-all-1.0.10.jar:/home/jimmy/.m2/repository/org/xerial/snappy/snappy-java/1.0.4.1/snappy-java-1.0.4.1.jar:/home/jimmy/.m2/repository/com/ning/compress-lzf/0.8.4/compress-lzf-0.8.4.jar:/home/jimmy/.m2/repository/com/google/guava/guava/r09/guava-r09.jar:/home/jimmy/.m2/repository/commons-cli/commons-cli/1.1/commons-cli-1.1.jar:/home/jimmy/.m2/repository/commons-codec/commons-codec/1.2/commons-codec-1.2.jar:/home/jimmy/.m2/repository/com/googlecode/concurrentlinkedhashmap/concurrentlinkedhashmap-lru/1.2/concurrentlinkedhashmap-lru-1.2.jar:/home/jimmy/.m2/repository/org/antlr/antlr/3.2/antlr-3.2.jar:/home/jimmy/.m2/repository/org/antlr/antlr-runtime/3.2/antlr-runtime-3.2.jar:/home/jimmy/.m2/repository/org/antlr/stringtemplate/3.2/stringtemplate-3.2.jar:/home/jimmy/.m2/repository/antlr/antlr/2.7.7/antlr-2.7.7.jar:/home/jimmy/.m2/repository/org/slf4j/slf4j-api/1.6.1/slf4j-api-1.6.1.jar:/home/jimmy/.m2/repository/org/apache/cassandra/deps/avro/1.4.0-cassandra-1/avro-1.4.0-cassandra-1.jar:/home/jimmy/.m2/repository/org/codehaus/jackson/jackson-mapper-asl/1.4.0/jackson-mapper-asl-1.4.0.jar:/home/jimmy/.m2/repository/org/codehaus/jackson/jackson-core-asl/1.4.0/jackson-core-asl-1.4.0.jar:/home/jimmy/.m2/repository/org/mortbay/jetty/jetty/6.1.22/jetty-6.1.22.jar:/home/jimmy/.m2/repository/org/mortbay/jetty/jetty-util/6.1.22/jetty-util-6.1.22.jar:/home/jimmy/.m2/repository/org/mortbay/jetty/servlet-api/2.5-20081211/servlet-api-2.5-20081211.jar:/home/jimmy/.m2/repository/jline/jline/0.9.94/jline-0.9.94.jar:/home/jimmy/.m2/repository/com/googlecode/json-simple/json-simple/1.1/json-simple-1.1.jar:/home/jimmy/.m2/repository/com/github/stephenc/high-scale-lib/high-scale-lib/1.1.2/high-scale-lib-1.1.2.jar:/home/jimmy/.m2/repository/org/yaml/snakeyaml/1.6/snakeyaml-1.6.jar:/home/jimmy/.m2/repository/log4j/log4j/1.2.16/log4j-1.2.16.jar:/home/jimmy/.m2/repository/org/slf4j/slf4j-log4j12/1.6.1/slf4j-log4j12-1.6.1.jar:/home/jimmy/.m2/repository/org/apache/thrift/libthrift/0.8.0/libthrift-0.8.0.jar:/home/jimmy/.m2/repository/javax/servlet/servlet-api/2.3/servlet-api-2.3.jar:/home/jimmy/.m2/repository/org/apache/httpcomponents/httpclient/4.1.2/httpclient-4.1.2.jar:/home/jimmy/.m2/repository/org/apache/httpcomponents/httpcore/4.1.3/httpcore-4.1.3.jar:/home/jimmy/.m2/repository/commons-logging/commons-logging/1.1/commons-logging-1.1.jar:/home/jimmy/.m2/repository/org/apache/cassandra/cassandra-thrift/1.1.0/cassandra-thrift-1.1.0.jar:/home/jimmy/.m2/repository/com/github/stephenc/eaio-uuid/uuid/3.2.0/uuid-3.2.0.jar:/home/jimmy/.m2/repository/com/ecyrd/speed4j/speed4j/0.9/speed4j-0.9.jar:/home/jimmy/.m2/repository/org/hectorclient/hector-object-mapper/3.1-05/hector-object-mapper-3.1-05.jar:/home/jimmy/.m2/repository/joda-time/joda-time/1.6.1/joda-time-1.6.1.jar:/home/jimmy/.m2/repository/org/springframework/spring-context/3.1.0.RELEASE/spring-context-3.1.0.RELEASE.jar:/home/jimmy/.m2/repository/org/springframework/spring-beans/3.1.0.RELEASE/spring-beans-3.1.0.RELEASE.jar:/home/jimmy/.m2/repository/org/springframework/spring-core/3.1.0.RELEASE/spring-core-3.1.0.RELEASE.jar:/home/jimmy/.m2/repository/org/springframework/spring-asm/3.1.0.RELEASE/spring-asm-3.1.0.RELEASE.jar:/home/jimmy/.m2/repository/org/springframework/spring-expression/3.1.0.RELEASE/spring-expression-3.1.0.RELEASE.jar:/home/jimmy/.m2/repository/org/apache/openjpa/openjpa-persistence/2.1.0/openjpa-persistence-2.1.0.jar:/home/jimmy/.m2/repository/org/apache/geronimo/specs/geronimo-jpa_2.0_spec/1.1/geronimo-jpa_2.0_spec-1.1.jar:/home/jimmy/.m2/repository/junit/junit/4.8.1/junit-4.8.1.jar:/home/jimmy/.m2/repository/com/github/stephenc/jamm/0.2.5/jamm-0.2.5.jar:/home/jimmy/.m2/repository/logkit/logkit/1.0.1/logkit-1.0.1.jar:/home/jimmy/.m2/repository/avalon-framework/avalon-framework/4.1.3/avalon-framework-4.1.3.jar:/home/jimmy/.m2/repository/me/prettyprint/hector-test/1.0-2/hector-test-1.0-2.jar:/home/jimmy/.m2/repository/org/springframework/spring-aop/3.1.0.RELEASE/spring-aop-3.1.0.RELEASE.jar:/home/jimmy/.m2/repository/aopalliance/aopalliance/1.0/aopalliance-1.0.jar:/home/jimmy/.m2/repository/org/springframework/spring-test/3.1.0.RELEASE/spring-test-3.1.0.RELEASE.jar:/home/jimmy/.m2/repository/org/mockito/mockito-all/1.9.0-rc1/mockito-all-1.9.0-rc1.jar:/home/jimmy/.m2/repository/com/google/code/gson/gson/2.1/gson-2.1.jar:"/>
    <property name="java.specification.name" value="Java Platform API Specification"/>
    <property name="java.class.version" value="50.0"/>
    <property name="sun.management.compiler" value="HotSpot Tiered Compilers"/>
    <property name="os.version" value="3.0.0-14-generic-pae"/>
    <property name="user.home" value="/home/jimmy"/>
    <property name="user.timezone" value="America/Sao_Paulo"/>
    <property name="java.awt.printerjob" value="sun.print.PSPrinterJob"/>
    <property name="java.specification.version" value="1.6"/>
    <property name="file.encoding" value="UTF-8"/>
    <property name="user.name" value="jimmy"/>
    <property name="java.class.path" value="/home/jimmy/Azrael/maritaca/github/Maritaca/server/persistence/target/test-classes:/home/jimmy/Azrael/maritaca/github/Maritaca/server/persistence/target/classes:/home/jimmy/.m2/repository/javax/javaee-api/6.0/javaee-api-6.0.jar:/home/jimmy/.m2/repository/org/hectorclient/hector-core/1.1-0/hector-core-1.1-0.jar:/home/jimmy/.m2/repository/commons-lang/commons-lang/2.4/commons-lang-2.4.jar:/home/jimmy/.m2/repository/commons-pool/commons-pool/1.5.3/commons-pool-1.5.3.jar:/home/jimmy/.m2/repository/org/apache/cassandra/cassandra-all/1.0.10/cassandra-all-1.0.10.jar:/home/jimmy/.m2/repository/org/xerial/snappy/snappy-java/1.0.4.1/snappy-java-1.0.4.1.jar:/home/jimmy/.m2/repository/com/ning/compress-lzf/0.8.4/compress-lzf-0.8.4.jar:/home/jimmy/.m2/repository/com/google/guava/guava/r09/guava-r09.jar:/home/jimmy/.m2/repository/commons-cli/commons-cli/1.1/commons-cli-1.1.jar:/home/jimmy/.m2/repository/commons-codec/commons-codec/1.2/commons-codec-1.2.jar:/home/jimmy/.m2/repository/com/googlecode/concurrentlinkedhashmap/concurrentlinkedhashmap-lru/1.2/concurrentlinkedhashmap-lru-1.2.jar:/home/jimmy/.m2/repository/org/antlr/antlr/3.2/antlr-3.2.jar:/home/jimmy/.m2/repository/org/antlr/antlr-runtime/3.2/antlr-runtime-3.2.jar:/home/jimmy/.m2/repository/org/antlr/stringtemplate/3.2/stringtemplate-3.2.jar:/home/jimmy/.m2/repository/antlr/antlr/2.7.7/antlr-2.7.7.jar:/home/jimmy/.m2/repository/org/slf4j/slf4j-api/1.6.1/slf4j-api-1.6.1.jar:/home/jimmy/.m2/repository/org/apache/cassandra/deps/avro/1.4.0-cassandra-1/avro-1.4.0-cassandra-1.jar:/home/jimmy/.m2/repository/org/codehaus/jackson/jackson-mapper-asl/1.4.0/jackson-mapper-asl-1.4.0.jar:/home/jimmy/.m2/repository/org/codehaus/jackson/jackson-core-asl/1.4.0/jackson-core-asl-1.4.0.jar:/home/jimmy/.m2/repository/org/mortbay/jetty/jetty/6.1.22/jetty-6.1.22.jar:/home/jimmy/.m2/repository/org/mortbay/jetty/jetty-util/6.1.22/jetty-util-6.1.22.jar:/home/jimmy/.m2/repository/org/mortbay/jetty/servlet-api/2.5-20081211/servlet-api-2.5-20081211.jar:/home/jimmy/.m2/repository/jline/jline/0.9.94/jline-0.9.94.jar:/home/jimmy/.m2/repository/com/googlecode/json-simple/json-simple/1.1/json-simple-1.1.jar:/home/jimmy/.m2/repository/com/github/stephenc/high-scale-lib/high-scale-lib/1.1.2/high-scale-lib-1.1.2.jar:/home/jimmy/.m2/repository/org/yaml/snakeyaml/1.6/snakeyaml-1.6.jar:/home/jimmy/.m2/repository/log4j/log4j/1.2.16/log4j-1.2.16.jar:/home/jimmy/.m2/repository/org/slf4j/slf4j-log4j12/1.6.1/slf4j-log4j12-1.6.1.jar:/home/jimmy/.m2/repository/org/apache/thrift/libthrift/0.8.0/libthrift-0.8.0.jar:/home/jimmy/.m2/repository/javax/servlet/servlet-api/2.3/servlet-api-2.3.jar:/home/jimmy/.m2/repository/org/apache/httpcomponents/httpclient/4.1.2/httpclient-4.1.2.jar:/home/jimmy/.m2/repository/org/apache/httpcomponents/httpcore/4.1.3/httpcore-4.1.3.jar:/home/jimmy/.m2/repository/commons-logging/commons-logging/1.1/commons-logging-1.1.jar:/home/jimmy/.m2/repository/org/apache/cassandra/cassandra-thrift/1.1.0/cassandra-thrift-1.1.0.jar:/home/jimmy/.m2/repository/com/github/stephenc/eaio-uuid/uuid/3.2.0/uuid-3.2.0.jar:/home/jimmy/.m2/repository/com/ecyrd/speed4j/speed4j/0.9/speed4j-0.9.jar:/home/jimmy/.m2/repository/org/hectorclient/hector-object-mapper/3.1-05/hector-object-mapper-3.1-05.jar:/home/jimmy/.m2/repository/joda-time/joda-time/1.6.1/joda-time-1.6.1.jar:/home/jimmy/.m2/repository/org/springframework/spring-context/3.1.0.RELEASE/spring-context-3.1.0.RELEASE.jar:/home/jimmy/.m2/repository/org/springframework/spring-beans/3.1.0.RELEASE/spring-beans-3.1.0.RELEASE.jar:/home/jimmy/.m2/repository/org/springframework/spring-core/3.1.0.RELEASE/spring-core-3.1.0.RELEASE.jar:/home/jimmy/.m2/repository/org/springframework/spring-asm/3.1.0.RELEASE/spring-asm-3.1.0.RELEASE.jar:/home/jimmy/.m2/repository/org/springframework/spring-expression/3.1.0.RELEASE/spring-expression-3.1.0.RELEASE.jar:/home/jimmy/.m2/repository/org/apache/openjpa/openjpa-persistence/2.1.0/openjpa-persistence-2.1.0.jar:/home/jimmy/.m2/repository/org/apache/geronimo/specs/geronimo-jpa_2.0_spec/1.1/geronimo-jpa_2.0_spec-1.1.jar:/home/jimmy/.m2/repository/junit/junit/4.8.1/junit-4.8.1.jar:/home/jimmy/.m2/repository/com/github/stephenc/jamm/0.2.5/jamm-0.2.5.jar:/home/jimmy/.m2/repository/logkit/logkit/1.0.1/logkit-1.0.1.jar:/home/jimmy/.m2/repository/avalon-framework/avalon-framework/4.1.3/avalon-framework-4.1.3.jar:/home/jimmy/.m2/repository/me/prettyprint/hector-test/1.0-2/hector-test-1.0-2.jar:/home/jimmy/.m2/repository/org/springframework/spring-aop/3.1.0.RELEASE/spring-aop-3.1.0.RELEASE.jar:/home/jimmy/.m2/repository/aopalliance/aopalliance/1.0/aopalliance-1.0.jar:/home/jimmy/.m2/repository/org/springframework/spring-test/3.1.0.RELEASE/spring-test-3.1.0.RELEASE.jar:/home/jimmy/.m2/repository/org/mockito/mockito-all/1.9.0-rc1/mockito-all-1.9.0-rc1.jar:/home/jimmy/.m2/repository/com/google/code/gson/gson/2.1/gson-2.1.jar:"/>
    <property name="java.vm.specification.version" value="1.0"/>
    <property name="sun.arch.data.model" value="32"/>
    <property name="java.home" value="/usr/lib/jvm/jdk1.6.0_29/jre"/>
    <property name="sun.java.command" value="/tmp/surefirebooter528238239593040714.jar /tmp/surefire8618382064324704049tmp /tmp/surefire3061211382825733623tmp"/>
    <property name="java.specification.vendor" value="Sun Microsystems Inc."/>
    <property name="user.language" value="es"/>
    <property name="java.vm.info" value="mixed mode"/>
    <property name="java.version" value="1.6.0_29"/>
    <property name="java.ext.dirs" value="/usr/lib/jvm/jdk1.6.0_29/jre/lib/ext:/usr/java/packages/lib/ext"/>
    <property name="sun.boot.class.path" value="/usr/lib/jvm/jdk1.6.0_29/jre/lib/resources.jar:/usr/lib/jvm/jdk1.6.0_29/jre/lib/rt.jar:/usr/lib/jvm/jdk1.6.0_29/jre/lib/sunrsasign.jar:/usr/lib/jvm/jdk1.6.0_29/jre/lib/jsse.jar:/usr/lib/jvm/jdk1.6.0_29/jre/lib/jce.jar:/usr/lib/jvm/jdk1.6.0_29/jre/lib/charsets.jar:/usr/lib/jvm/jdk1.6.0_29/jre/lib/modules/jdk.boot.jar:/usr/lib/jvm/jdk1.6.0_29/jre/classes"/>
    <property name="java.vendor" value="Sun Microsystems Inc."/>
    <property name="localRepository" value="/home/jimmy/.m2/repository"/>
    <property name="file.separator" value="/"/>
    <property name="java.security.egd" value="file:/dev/urandom"/>
    <property name="java.vendor.url.bug" value="http://java.sun.com/cgi-bin/bugreport.cgi"/>
    <property name="sun.cpu.endian" value="little"/>
    <property name="sun.io.unicode.encoding" value="UnicodeLittle"/>
    <property name="cassandra-foreground" value="true"/>
    <property name="sun.desktop" value="gnome"/>
    <property name="sun.cpu.isalist" value=""/>
    <property name="cassandra.config" value="file:tmp/cassandra.yaml"/>
  </properties>
  <testcase time="3.029" classname="br.unifesp.maritaca.persistence.entitymanager.FormEntityTest" name="testUserEntity"/>
  <testcase time="2.05" classname="br.unifesp.maritaca.persistence.entitymanager.FormEntityTest" name="persistWithUUIDTest"/>
  <testcase time="0.007" classname="br.unifesp.maritaca.persistence.entitymanager.FormEntityTest" name="persistWithoutCreate"/>
  <testcase time="0.953" classname="br.unifesp.maritaca.persistence.entitymanager.FormEntityTest" name="findTest"/>
  <testcase time="1.078" classname="br.unifesp.maritaca.persistence.entitymanager.FormEntityTest" name="persitMaritacaListsWithJSONTest"/>
  <testcase time="1.196" classname="br.unifesp.maritaca.persistence.entitymanager.FormEntityTest" name="findFormByURLTest"/>
  <testcase time="0.97" classname="br.unifesp.maritaca.persistence.entitymanager.FormEntityTest" name="findFormByUserTest"/>
</testsuite>